Determining if the pthread_create exist failed with the following output:
Change Dir: /home/pi/remote_control_server/bin/CMakeFiles/CMakeTmp

Run Build Command:"/usr/bin/make" "cmTC_e7ce0/fast"
/usr/bin/make -f CMakeFiles/cmTC_e7ce0.dir/build.make CMakeFiles/cmTC_e7ce0.dir/build
make[1]: Entering directory '/home/pi/remote_control_server/bin/CMakeFiles/CMakeTmp'
Building C object CMakeFiles/cmTC_e7ce0.dir/CheckSymbolExists.c.o
/usr/bin/cc    -o CMakeFiles/cmTC_e7ce0.dir/CheckSymbolExists.c.o   -c /home/pi/remote_control_server/bin/CMakeFiles/CMakeTmp/CheckSymbolExists.c
Linking C executable cmTC_e7ce0
/usr/bin/cmake -E cmake_link_script CMakeFiles/cmTC_e7ce0.dir/link.txt --verbose=1
/usr/bin/cc      -rdynamic CMakeFiles/cmTC_e7ce0.dir/CheckSymbolExists.c.o  -o cmTC_e7ce0 
/usr/bin/ld: CMakeFiles/cmTC_e7ce0.dir/CheckSymbolExists.c.o: in function `main':
CheckSymbolExists.c:(.text+0x38): undefined reference to `pthread_create'
collect2: error: ld returned 1 exit status
make[1]: *** [CMakeFiles/cmTC_e7ce0.dir/build.make:87: cmTC_e7ce0] Error 1
make[1]: Leaving directory '/home/pi/remote_control_server/bin/CMakeFiles/CMakeTmp'
make: *** [Makefile:121: cmTC_e7ce0/fast] Error 2

File /home/pi/remote_control_server/bin/CMakeFiles/CMakeTmp/CheckSymbolExists.c:
/* */
#include <pthread.h>

int main(int argc, char** argv)
{
  (void)argv;
#ifndef pthread_create
  return ((int*)(&pthread_create))[argc];
#else
  (void)argc;
  return 0;
#endif
}

