Determining if the pthread_create exist failed with the following output:
Change Dir: /home/pi/Phoenix-Linux-SocketCAN-Example/bin/CMakeFiles/CMakeTmp

Run Build Command:"/usr/bin/make" "cmTC_9c289/fast"
/usr/bin/make -f CMakeFiles/cmTC_9c289.dir/build.make CMakeFiles/cmTC_9c289.dir/build
make[1]: Entering directory '/home/pi/Phoenix-Linux-SocketCAN-Example/bin/CMakeFiles/CMakeTmp'
Building C object CMakeFiles/cmTC_9c289.dir/CheckSymbolExists.c.o
/usr/bin/cc    -o CMakeFiles/cmTC_9c289.dir/CheckSymbolExists.c.o   -c /home/pi/Phoenix-Linux-SocketCAN-Example/bin/CMakeFiles/CMakeTmp/CheckSymbolExists.c
Linking C executable cmTC_9c289
/usr/bin/cmake -E cmake_link_script CMakeFiles/cmTC_9c289.dir/link.txt --verbose=1
/usr/bin/cc      -rdynamic CMakeFiles/cmTC_9c289.dir/CheckSymbolExists.c.o  -o cmTC_9c289 
/usr/bin/ld: CMakeFiles/cmTC_9c289.dir/CheckSymbolExists.c.o: in function `main':
CheckSymbolExists.c:(.text+0x38): undefined reference to `pthread_create'
collect2: error: ld returned 1 exit status
make[1]: *** [CMakeFiles/cmTC_9c289.dir/build.make:87: cmTC_9c289] Error 1
make[1]: Leaving directory '/home/pi/Phoenix-Linux-SocketCAN-Example/bin/CMakeFiles/CMakeTmp'
make: *** [Makefile:121: cmTC_9c289/fast] Error 2

File /home/pi/Phoenix-Linux-SocketCAN-Example/bin/CMakeFiles/CMakeTmp/CheckSymbolExists.c:
/* */
#include <pthread.h>

int main(int argc, char** argv)
{
  (void)argv;
#ifndef pthread_create
  return ((int*)(&pthread_create))[argc];
#else
  (void)argc;
  return 0;
#endif
}

